<?xml version="1.0" encoding="utf-8"?><testsuites name="pytest tests"><testsuite name="pytest" errors="0" failures="0" skipped="0" tests="23" time="7.271" timestamp="2026-04-21T04:10:02.438914+00:00" hostname="agent-env-721cb12a-eab4-47e4-865f-8dd8fb7c9769"><testcase classname="backend.tests.backend_test" name="test_root" time="0.229" /><testcase classname="backend.tests.backend_test" name="test_register_success" time="0.369" /><testcase classname="backend.tests.backend_test" name="test_register_duplicate" time="0.047" /><testcase classname="backend.tests.backend_test" name="test_register_short_password" time="0.145" /><testcase classname="backend.tests.backend_test" name="test_register_invalid_email" time="0.101" /><testcase classname="backend.tests.backend_test" name="test_me_authenticated" time="0.052" /><testcase classname="backend.tests.backend_test" name="test_me_unauthenticated" time="0.126" /><testcase classname="backend.tests.backend_test" name="test_refresh_flow" time="0.408" /><testcase classname="backend.tests.backend_test" name="test_refresh_no_token" time="0.163" /><testcase classname="backend.tests.backend_test" name="test_login_wrong_password" time="0.395" /><testcase classname="backend.tests.backend_test" name="test_login_unknown_user" time="0.103" /><testcase classname="backend.tests.backend_test" name="test_google_exchange_bogus_session" time="0.230" /><testcase classname="backend.tests.backend_test" name="test_google_exchange_missing_field" time="0.091" /><testcase classname="backend.tests.backend_test" name="test_payments_plans_public" time="0.107" /><testcase classname="backend.tests.backend_test" name="test_payments_checkout_requires_auth" time="0.118" /><testcase classname="backend.tests.backend_test" name="test_payments_checkout_creates_session" time="0.754" /><testcase classname="backend.tests.backend_test" name="test_payments_checkout_invalid_plan" time="0.045" /><testcase classname="backend.tests.backend_test" name="test_payments_status_requires_auth" time="0.117" /><testcase classname="backend.tests.backend_test" name="test_payments_status_not_found" time="0.051" /><testcase classname="backend.tests.backend_test" name="test_ai_chat_unauthenticated" time="0.101" /><testcase classname="backend.tests.backend_test" name="test_ai_chat_free_user_blocked" time="0.048" /><testcase classname="backend.tests.backend_test" name="test_ai_history_free_user_blocked" time="0.044" /><testcase classname="backend.tests.backend_test" name="test_ai_chat_premium_user" time="3.238" /></testsuite></testsuites>