<?xml version="1.0" encoding="utf-8"?><testsuites name="pytest tests"><testsuite name="pytest" errors="0" failures="0" skipped="0" tests="13" time="2.783" timestamp="2026-04-21T03:35:59.599643+00:00" hostname="agent-env-721cb12a-eab4-47e4-865f-8dd8fb7c9769"><testcase classname="backend.tests.backend_test" name="test_root" time="0.228" /><testcase classname="backend.tests.backend_test" name="test_register_success" time="0.363" /><testcase classname="backend.tests.backend_test" name="test_register_duplicate" time="0.058" /><testcase classname="backend.tests.backend_test" name="test_register_short_password" time="0.152" /><testcase classname="backend.tests.backend_test" name="test_register_invalid_email" time="0.105" /><testcase classname="backend.tests.backend_test" name="test_me_authenticated" time="0.044" /><testcase classname="backend.tests.backend_test" name="test_me_unauthenticated" time="0.134" /><testcase classname="backend.tests.backend_test" name="test_logout" time="0.204" /><testcase classname="backend.tests.backend_test" name="test_login_success" time="0.386" /><testcase classname="backend.tests.backend_test" name="test_login_wrong_password" time="0.402" /><testcase classname="backend.tests.backend_test" name="test_login_unknown_user" time="0.099" /><testcase classname="backend.tests.backend_test" name="test_refresh_token" time="0.372" /><testcase classname="backend.tests.backend_test" name="test_refresh_no_token" time="0.104" /></testsuite></testsuites>